----------------------------------------------------------------
Wed Mar 12 16:24:54 GMT 2014:
Booting Derby version The Apache Software Foundation - Apache Derby - 10.10.1.1 - (1458268): instance a816c00e-0144-b71c-604e-000002e8d5a8 
on database directory C:\Users\Andrew\Documents\GitHub\PSD3-GE2\data\mycampussH with class loader AntClassLoader[C:\Program Files\apache-ant-1.9.3\lib\ant-launcher.jar;C:\Program Files\apache-ant-1.9.3\lib\ant.jar;C:\Program Files\apache-ant-1.9.3\lib\ant-junit.jar;C:\Program Files\apache-ant-1.9.3\lib\ant-junit4.jar;C:\Users\Andrew\Documents\GitHub\PSD3-GE2\bin;C:\Users\Andrew\Documents\GitHub\PSD3-GE2\lib\commons-collections-3.2.1.jar;C:\Users\Andrew\Documents\GitHub\PSD3-GE2\lib\commons-io-2.4.jar;C:\Users\Andrew\Documents\GitHub\PSD3-GE2\lib\commons-lang-2.6.jar;C:\Users\Andrew\Documents\GitHub\PSD3-GE2\lib\derby-10.10.1.1.jar;C:\Users\Andrew\Documents\GitHub\PSD3-GE2\lib\easymock-2.4.jar;C:\Users\Andrew\Documents\GitHub\PSD3-GE2\lib\freemarker-2.3.19.jar;C:\Users\Andrew\Documents\GitHub\PSD3-GE2\lib\groovy-all-2.1.1.jar;C:\Users\Andrew\Documents\GitHub\PSD3-GE2\lib\guava-14.0.jar;C:\Users\Andrew\Documents\GitHub\PSD3-GE2\lib\hamcrest-core-1.3.jar;C:\Users\Andrew\Documents\GitHub\PSD3-GE2\lib\hamcrest-integration-1.3.jar;C:\Users\Andrew\Documents\GitHub\PSD3-GE2\lib\hamcrest-library-1.3.jar;C:\Users\Andrew\Documents\GitHub\PSD3-GE2\lib\javax.inject-1.jar;C:\Users\Andrew\Documents\GitHub\PSD3-GE2\lib\jbehave-core-3.9-resources-3.9.zip;C:\Users\Andrew\Documents\GitHub\PSD3-GE2\lib\jbehave-core-3.9.jar;C:\Users\Andrew\Documents\GitHub\PSD3-GE2\lib\jbehave-site-resources-3.1.1.zip;C:\Users\Andrew\Documents\GitHub\PSD3-GE2\lib\jdbc-api-1.4.jar;C:\Users\Andrew\Documents\GitHub\PSD3-GE2\lib\junit-4.11.jar;C:\Users\Andrew\Documents\GitHub\PSD3-GE2\lib\maven-default-skin-1.0.jar;C:\Users\Andrew\Documents\GitHub\PSD3-GE2\lib\nestedvm-1.0.jar;C:\Users\Andrew\Documents\GitHub\PSD3-GE2\lib\org.apache.felix.bundlerepository-1.6.0.jar;C:\Users\Andrew\Documents\GitHub\PSD3-GE2\lib\org.apache.felix.framework-4.2.1.jar;C:\Users\Andrew\Documents\GitHub\PSD3-GE2\lib\org.apache.felix.gogo.command-0.12.0-sources.jar;C:\Users\Andrew\Documents\GitHub\PSD3-GE2\lib\org.apache.felix.gogo.command-0.12.0.jar;C:\Users\Andrew\Documents\GitHub\PSD3-GE2\lib\org.apache.felix.gogo.runtime-0.10.0.jar;C:\Users\Andrew\Documents\GitHub\PSD3-GE2\lib\org.apache.felix.gogo.shell-0.10.0-sources.jar;C:\Users\Andrew\Documents\GitHub\PSD3-GE2\lib\org.apache.felix.gogo.shell-0.10.0.jar;C:\Users\Andrew\Documents\GitHub\PSD3-GE2\lib\org.apache.felix.main-4.2.1-javadoc.jar;C:\Users\Andrew\Documents\GitHub\PSD3-GE2\lib\org.apache.felix.main-4.2.1.jar;C:\Users\Andrew\Documents\GitHub\PSD3-GE2\lib\org.osgi.compendium-4.0.0.jar;C:\Users\Andrew\Documents\GitHub\PSD3-GE2\lib\org.osgi.core-4.3.0.jar;C:\Users\Andrew\Documents\GitHub\PSD3-GE2\lib\paranamer-2.4.jar;C:\Users\Andrew\Documents\GitHub\PSD3-GE2\lib\plexus-utils-3.0.10.jar;C:\Users\Andrew\Documents\GitHub\PSD3-GE2\lib\sqlite-jdbc-3.7.2-javadoc.jar;C:\Users\Andrew\Documents\GitHub\PSD3-GE2\lib\sqlite-jdbc-3.7.2-sources.jar;C:\Users\Andrew\Documents\GitHub\PSD3-GE2\lib\sqlite-jdbc-3.7.2.jar;C:\Users\Andrew\Documents\GitHub\PSD3-GE2\lib\xmlpull-1.1.3.1.jar;C:\Users\Andrew\Documents\GitHub\PSD3-GE2\lib\xpp3_min-1.1.4c.jar;C:\Users\Andrew\Documents\GitHub\PSD3-GE2\lib\xstream-1.4.5.jar] 
Loaded from file:/C:/Users/Andrew/Documents/GitHub/PSD3-GE2/lib/derby-10.10.1.1.jar
java.vendor=Oracle Corporation
java.runtime.version=1.7.0_45-b18
user.dir=C:\Users\Andrew\Documents\GitHub\PSD3-GE2
os.name=Windows 8
os.arch=amd64
os.version=6.2
derby.system.home=null
Database Class Loader started - derby.database.classpath=''
Wed Mar 12 16:25:19 GMT 2014 Thread[pool-1-thread-1,5,main] (XID = 4266), (SESSIONID = 571), (DATABASE = data/mycampussH), (DRDAID = null), Cleanup action starting
ERROR 08000: Connection closed by unknown interrupt.
	at org.apache.derby.iapi.error.StandardException.newException(Unknown Source)
	at org.apache.derby.iapi.util.InterruptStatus.setInterrupted(Unknown Source)
	at org.apache.derby.iapi.util.InterruptStatus.throwIf(Unknown Source)
	at org.apache.derby.impl.jdbc.EmbedStatement.executeLargeBatch(Unknown Source)
	at org.apache.derby.impl.jdbc.EmbedStatement.executeBatch(Unknown Source)
	at uk.ac.glasgow.teamH.database.impl.DatabaseImpl.addSession(DatabaseImpl.java:119)
	at uk.ac.glasgow.teamH.user.impl.LecturerImpl.addSession(LecturerImpl.java:48)
	at uk.ac.glasgow.teamH.test.steps.SystemTestSteps.addSession(SystemTestSteps.java:168)
	at sun.reflect.NativeMethodAccessorImpl.invoke0(Native Method)
	at sun.reflect.NativeMethodAccessorImpl.invoke(NativeMethodAccessorImpl.java:57)
	at sun.reflect.DelegatingMethodAccessorImpl.invoke(DelegatingMethodAccessorImpl.java:43)
	at java.lang.reflect.Method.invoke(Method.java:606)
	at org.jbehave.core.steps.StepCreator$ParameterisedStep.perform(StepCreator.java:550)
	at org.jbehave.core.embedder.StoryRunner$FineSoFar.run(StoryRunner.java:531)
	at org.jbehave.core.embedder.StoryRunner.runStepsWhileKeepingState(StoryRunner.java:511)
	at org.jbehave.core.embedder.StoryRunner.runScenarioSteps(StoryRunner.java:475)
	at org.jbehave.core.embedder.StoryRunner.runCancellable(StoryRunner.java:308)
	at org.jbehave.core.embedder.StoryRunner.run(StoryRunner.java:220)
	at org.jbehave.core.embedder.StoryRunner.run(StoryRunner.java:181)
	at org.jbehave.core.embedder.StoryManager$EnqueuedStory.call(StoryManager.java:229)
	at org.jbehave.core.embedder.StoryManager$EnqueuedStory.call(StoryManager.java:201)
	at java.util.concurrent.FutureTask.run(FutureTask.java:262)
	at java.util.concurrent.ThreadPoolExecutor.runWorker(ThreadPoolExecutor.java:1145)
	at java.util.concurrent.ThreadPoolExecutor$Worker.run(ThreadPoolExecutor.java:615)
	at java.lang.Thread.run(Thread.java:744)
Cleanup action completed
Wed Mar 12 16:25:20 GMT 2014 Thread[pool-1-thread-1,5,main] (XID = 4270), (SESSIONID = 573), (DATABASE = data/mycampussH), (DRDAID = null), Cleanup action starting
Wed Mar 12 16:25:20 GMT 2014 Thread[pool-1-thread-1,5,main] (XID = 4270), (SESSIONID = 573), (DATABASE = data/mycampussH), (DRDAID = null), Failed Statement is: SELECT * FROM course_session
ERROR 08000: Connection closed by unknown interrupt.
	at org.apache.derby.iapi.error.StandardException.newException(Unknown Source)
	at org.apache.derby.iapi.util.InterruptStatus.setInterrupted(Unknown Source)
	at org.apache.derby.iapi.util.InterruptStatus.throwIf(Unknown Source)
	at org.apache.derby.impl.sql.execute.BasicNoPutResultSetImpl.checkCancellationFlag(Unknown Source)
	at org.apache.derby.impl.sql.execute.BulkTableScanResultSet.getNextRowCore(Unknown Source)
	at org.apache.derby.impl.sql.execute.BasicNoPutResultSetImpl.getNextRow(Unknown Source)
	at org.apache.derby.impl.jdbc.EmbedResultSet.movePosition(Unknown Source)
	at org.apache.derby.impl.jdbc.EmbedResultSet.next(Unknown Source)
	at uk.ac.glasgow.teamH.test.steps.SystemTestSteps.checkSession(SystemTestSteps.java:180)
	at sun.reflect.NativeMethodAccessorImpl.invoke0(Native Method)
	at sun.reflect.NativeMethodAccessorImpl.invoke(NativeMethodAccessorImpl.java:57)
	at sun.reflect.DelegatingMethodAccessorImpl.invoke(DelegatingMethodAccessorImpl.java:43)
	at java.lang.reflect.Method.invoke(Method.java:606)
	at org.jbehave.core.steps.StepCreator$ParameterisedStep.perform(StepCreator.java:550)
	at org.jbehave.core.embedder.StoryRunner$FineSoFar.run(StoryRunner.java:531)
	at org.jbehave.core.embedder.StoryRunner.runStepsWhileKeepingState(StoryRunner.java:511)
	at org.jbehave.core.embedder.StoryRunner.runScenarioSteps(StoryRunner.java:475)
	at org.jbehave.core.embedder.StoryRunner.runCancellable(StoryRunner.java:308)
	at org.jbehave.core.embedder.StoryRunner.run(StoryRunner.java:220)
	at org.jbehave.core.embedder.StoryRunner.run(StoryRunner.java:181)
	at org.jbehave.core.embedder.StoryManager$EnqueuedStory.call(StoryManager.java:229)
	at org.jbehave.core.embedder.StoryManager$EnqueuedStory.call(StoryManager.java:201)
	at java.util.concurrent.FutureTask.run(FutureTask.java:262)
	at java.util.concurrent.ThreadPoolExecutor.runWorker(ThreadPoolExecutor.java:1145)
	at java.util.concurrent.ThreadPoolExecutor$Worker.run(ThreadPoolExecutor.java:615)
	at java.lang.Thread.run(Thread.java:744)
Cleanup action completed
